[08-Jun-2017 14:26:31 UTC] PHP Warning:  Unterminated comment starting line 213 in /home/ubuntu/workspace/harmony_project/vendor/laravel/framework/src/Illuminate/View/Compilers/BladeCompiler.php on line 166
[08-Jun-2017 14:26:31 UTC] PHP Warning:  Unterminated comment starting line 213 in /home/ubuntu/workspace/harmony_project/storage/framework/views/c720e38afb51ceac4d6768571a1bfac7b8391538.php on line 213
[10-Jun-2017 10:17:26 UTC] PHP Fatal error:  Allowed memory size of 134217728 bytes exhausted (tried to allocate 32768 bytes) in /home/ubuntu/workspace/harmony_project/storage/framework/views/9561df0a92d4e785649bb82f98afc280f7e34b23.php on line 1
[10-Jun-2017 10:17:27 UTC] PHP Fatal error:  Allowed memory size of 134217728 bytes exhausted (tried to allocate 16384 bytes) in /home/ubuntu/workspace/harmony_project/vendor/laravel/framework/src/Illuminate/View/Engines/PhpEngine.php on line 34
[10-Jun-2017 10:17:29 UTC] PHP Fatal error:  Allowed memory size of 134217728 bytes exhausted (tried to allocate 16384 bytes) in /home/ubuntu/workspace/harmony_project/vendor/laravel/framework/src/Illuminate/View/Engines/PhpEngine.php on line 34
[10-Jun-2017 10:17:34 UTC] PHP Fatal error:  Allowed memory size of 134217728 bytes exhausted (tried to allocate 16384 bytes) in /home/ubuntu/workspace/harmony_project/vendor/laravel/framework/src/Illuminate/View/Engines/PhpEngine.php on line 34
[10-Jun-2017 10:17:38 UTC] PHP Fatal error:  Allowed memory size of 134217728 bytes exhausted (tried to allocate 16384 bytes) in /home/ubuntu/workspace/harmony_project/vendor/laravel/framework/src/Illuminate/View/Engines/PhpEngine.php on line 34
[10-Jun-2017 10:19:31 UTC] PHP Fatal error:  Allowed memory size of 134217728 bytes exhausted (tried to allocate 28672 bytes) in /home/ubuntu/workspace/harmony_project/storage/framework/views/9561df0a92d4e785649bb82f98afc280f7e34b23.php on line 8
[11-Jun-2017 12:32:46 UTC] PHP Fatal error:  Cannot use [] for reading in /home/ubuntu/workspace/harmony_project/storage/framework/views/be5d5891f53ce065d49031d879b598f5ddcfb942.php on line 300
[11-Jun-2017 12:39:37 UTC] PHP Fatal error:  Cannot use [] for reading in /home/ubuntu/workspace/harmony_project/storage/framework/views/be5d5891f53ce065d49031d879b598f5ddcfb942.php on line 301
[11-Jun-2017 12:39:43 UTC] PHP Fatal error:  Cannot use [] for reading in /home/ubuntu/workspace/harmony_project/storage/framework/views/be5d5891f53ce065d49031d879b598f5ddcfb942.php on line 301
[11-Jun-2017 15:33:27 UTC] PHP Fatal error:  Cannot use [] for reading in /home/ubuntu/workspace/harmony_project/app/Http/Controllers/bandChallenge/BandChallengeController.php on line 60
[11-Jun-2017 15:51:02 UTC] PHP Fatal error:  Cannot use [] for reading in /home/ubuntu/workspace/harmony_project/app/Http/Controllers/bandChallenge/BandChallengeController.php on line 60
[13-Jun-2017 01:29:53 UTC] PHP Fatal error:  Can't use method return value in write context in /home/ubuntu/workspace/harmony_project/app/Http/Controllers/MyPage/MusicBoardController.php on line 47
[14-Jun-2017 11:50:08 Asia/Seoul] PHP Fatal error:  Cannot use [] for reading in /home/ubuntu/workspace/harmony_project/storage/framework/views/8b8aea2f46efd63b48e3d48d883dda75338a867a.php on line 53
[16-Jun-2017 12:37:02 Asia/Seoul] PHP Fatal error:  Cannot use [] for reading in /home/ubuntu/workspace/harmony_project/app/Http/Controllers/MyPage/MusicBoardController.php on line 114
[16-Jun-2017 21:09:18 Asia/Seoul] PHP Fatal error:  Constant expression contains invalid operations in /home/ubuntu/workspace/harmony_project/app/Http/Controllers/MyPage/MusicBoardController.php on line 110
[18-Jun-2017 18:21:58 Asia/Seoul] PHP Fatal error:  Cannot use [] for reading in /home/ubuntu/workspace/harmony_project/storage/framework/views/b8028c3c25c448575c38157b26f9159315c436e0.php on line 185
[18-Jun-2017 18:22:05 Asia/Seoul] PHP Fatal error:  Cannot use [] for reading in /home/ubuntu/workspace/harmony_project/storage/framework/views/b8028c3c25c448575c38157b26f9159315c436e0.php on line 185
[18-Jun-2017 22:30:08 Asia/Seoul] PHP Fatal error:  Maximum execution time of 30 seconds exceeded in /home/ubuntu/workspace/harmony_project/vendor/laravel/framework/src/Illuminate/Database/Eloquent/Concerns/HasAttributes.php on line 462
[18-Jun-2017 22:30:26 Asia/Seoul] PHP Fatal error:  Maximum execution time of 30 seconds exceeded in /home/ubuntu/workspace/harmony_project/app/Http/Controllers/MyPage/MusicBoardController.php on line 165
[18-Jun-2017 22:30:29 Asia/Seoul] PHP Fatal error:  Maximum execution time of 30 seconds exceeded in /home/ubuntu/workspace/harmony_project/vendor/laravel/framework/src/Illuminate/Database/Eloquent/Concerns/HasAttributes.php on line 304
[18-Jun-2017 22:30:33 Asia/Seoul] PHP Fatal error:  Maximum execution time of 30 seconds exceeded in /home/ubuntu/workspace/harmony_project/vendor/laravel/framework/src/Illuminate/Database/Eloquent/Model.php on line 1280
[18-Jun-2017 22:31:02 Asia/Seoul] PHP Fatal error:  Maximum execution time of 30 seconds exceeded in /home/ubuntu/workspace/harmony_project/vendor/laravel/framework/src/Illuminate/Database/Eloquent/Concerns/HasAttributes.php on line 297
[18-Jun-2017 22:31:11 Asia/Seoul] PHP Fatal error:  Maximum execution time of 30 seconds exceeded in /home/ubuntu/workspace/harmony_project/vendor/laravel/framework/src/Illuminate/Database/Eloquent/Concerns/HasAttributes.php on line 818
[18-Jun-2017 22:31:14 Asia/Seoul] PHP Fatal error:  Maximum execution time of 30 seconds exceeded in /home/ubuntu/workspace/harmony_project/app/Http/Controllers/MyPage/MusicBoardController.php on line 164
[18-Jun-2017 22:32:08 Asia/Seoul] PHP Fatal error:  Maximum execution time of 30 seconds exceeded in /home/ubuntu/workspace/harmony_project/vendor/laravel/framework/src/Illuminate/Database/Eloquent/Concerns/HasAttributes.php on line 818
[18-Jun-2017 22:32:09 Asia/Seoul] PHP Fatal error:  Maximum execution time of 30 seconds exceeded in /home/ubuntu/workspace/harmony_project/vendor/laravel/framework/src/Illuminate/Database/Eloquent/Concerns/HasAttributes.php on line 501
[18-Jun-2017 22:32:12 Asia/Seoul] PHP Fatal error:  Maximum execution time of 30 seconds exceeded in /home/ubuntu/workspace/harmony_project/vendor/laravel/framework/src/Illuminate/Database/Eloquent/Concerns/HasAttributes.php on line 501
[18-Jun-2017 22:32:14 Asia/Seoul] PHP Fatal error:  Maximum execution time of 30 seconds exceeded in /home/ubuntu/workspace/harmony_project/app/Http/Controllers/MyPage/MusicBoardController.php on line 164
[19-Jun-2017 01:19:03 Asia/Seoul] PHP Fatal error:  Cannot use [] for reading in /home/ubuntu/workspace/harmony_project/storage/framework/views/2860f358a20091bd78cfa7e1bfc872a23aa08422.php on line 202
[19-Jun-2017 01:19:07 Asia/Seoul] PHP Fatal error:  Cannot use [] for reading in /home/ubuntu/workspace/harmony_project/storage/framework/views/2860f358a20091bd78cfa7e1bfc872a23aa08422.php on line 202
[19-Jun-2017 01:19:33 Asia/Seoul] PHP Fatal error:  Cannot use [] for reading in /home/ubuntu/workspace/harmony_project/storage/framework/views/2860f358a20091bd78cfa7e1bfc872a23aa08422.php on line 202
[19-Jun-2017 01:19:35 Asia/Seoul] PHP Fatal error:  Cannot use [] for reading in /home/ubuntu/workspace/harmony_project/storage/framework/views/2860f358a20091bd78cfa7e1bfc872a23aa08422.php on line 202
[19-Jun-2017 01:31:00 Asia/Seoul] PHP Fatal error:  Cannot use [] for reading in /home/ubuntu/workspace/harmony_project/storage/framework/views/2860f358a20091bd78cfa7e1bfc872a23aa08422.php on line 202
[19-Jun-2017 10:43:37 Asia/Seoul] PHP Fatal error:  Allowed memory size of 134217728 bytes exhausted (tried to allocate 32768 bytes) in /home/ubuntu/workspace/harmony_project/storage/framework/views/476192ac633779ec40f8407b01f2fa1addb469cb.php on line 1
[19-Jun-2017 10:44:01 Asia/Seoul] PHP Fatal error:  Allowed memory size of 134217728 bytes exhausted (tried to allocate 16384 bytes) in /home/ubuntu/workspace/harmony_project/vendor/laravel/framework/src/Illuminate/View/Engines/PhpEngine.php on line 34
[19-Jun-2017 10:44:08 Asia/Seoul] PHP Fatal error:  Allowed memory size of 134217728 bytes exhausted (tried to allocate 16384 bytes) in /home/ubuntu/workspace/harmony_project/vendor/laravel/framework/src/Illuminate/View/Engines/PhpEngine.php on line 34
[19-Jun-2017 10:44:09 Asia/Seoul] PHP Fatal error:  Allowed memory size of 134217728 bytes exhausted (tried to allocate 16384 bytes) in /home/ubuntu/workspace/harmony_project/vendor/laravel/framework/src/Illuminate/View/Engines/PhpEngine.php on line 34
[21-Jun-2017 02:14:44 Asia/Seoul] PHP Fatal error:  'break' not in the 'loop' or 'switch' context in /home/ubuntu/workspace/harmony_project/app/Http/Controllers/ionic/IonicController.php on line 32
[26-Jun-2017 17:56:43 Asia/Seoul] PHP Fatal error:  Cannot use [] for reading in /home/ubuntu/workspace/harmony_project/storage/framework/views/7fc6cb4ee2e8fde8a2ea9a78ece6bc0b170459b4.php on line 138
[26-Jun-2017 17:56:56 Asia/Seoul] PHP Fatal error:  Cannot use [] for reading in /home/ubuntu/workspace/harmony_project/storage/framework/views/7fc6cb4ee2e8fde8a2ea9a78ece6bc0b170459b4.php on line 137
[08-Jul-2017 16:32:05 Asia/Seoul] PHP Fatal error:  Maximum execution time of 30 seconds exceeded in /home/ubuntu/workspace/harmony_project/vendor/laravel/framework/src/Illuminate/View/Engines/PhpEngine.php on line 34
[08-Jul-2017 16:32:14 Asia/Seoul] PHP Fatal error:  Allowed memory size of 134217728 bytes exhausted (tried to allocate 262144 bytes) in /home/ubuntu/workspace/harmony_project/vendor/laravel/framework/src/Illuminate/Container/Container.php on line 661
[08-Jul-2017 16:39:47 Asia/Seoul] PHP Fatal error:  Allowed memory size of 134217728 bytes exhausted (tried to allocate 262144 bytes) in /home/ubuntu/workspace/harmony_project/vendor/laravel/framework/src/Illuminate/Container/Container.php on line 661
[08-Jul-2017 16:41:00 Asia/Seoul] PHP Fatal error:  Maximum execution time of 30 seconds exceeded in /home/ubuntu/workspace/harmony_project/vendor/laravel/framework/src/Illuminate/Support/helpers.php on line 379
[08-Jul-2017 16:41:13 Asia/Seoul] PHP Fatal error:  Allowed memory size of 134217728 bytes exhausted (tried to allocate 16384 bytes) in /home/ubuntu/workspace/harmony_project/vendor/laravel/framework/src/Illuminate/Database/Connection.php on line 323
[08-Jul-2017 16:41:26 Asia/Seoul] PHP Fatal error:  Allowed memory size of 134217728 bytes exhausted (tried to allocate 262144 bytes) in /home/ubuntu/workspace/harmony_project/vendor/laravel/framework/src/Illuminate/Container/Container.php on line 661
[08-Jul-2017 16:41:45 Asia/Seoul] PHP Fatal error:  Maximum execution time of 30 seconds exceeded in /home/ubuntu/workspace/harmony_project/storage/framework/views/d11bb8d1165dfeee4f86d8ab43e0c5197244022a.php on line 213
[08-Jul-2017 16:41:49 Asia/Seoul] PHP Fatal error:  Maximum execution time of 30 seconds exceeded in /home/ubuntu/workspace/harmony_project/vendor/laravel/framework/src/Illuminate/View/Engines/PhpEngine.php on line 49
[08-Jul-2017 16:41:57 Asia/Seoul] PHP Fatal error:  Maximum execution time of 30 seconds exceeded in /home/ubuntu/workspace/harmony_project/storage/framework/views/9561df0a92d4e785649bb82f98afc280f7e34b23.php on line 83
[11-Jul-2017 21:44:06 Asia/Seoul] PHP Fatal error:  Method Illuminate\View\View::__toString() must not throw an exception, caught ErrorException: Undefined variable: freinds (View: /home/ubuntu/workspace/harmony_project/resources/views/login/friend.blade.php) in /home/ubuntu/workspace/harmony_project/app/Http/Controllers/Login/FriendController.php on line 0
[11-Jul-2017 22:12:32 Asia/Seoul] PHP Notice:  Undefined index: album_number in /home/ubuntu/workspace/harmony_project/app/Http/Controllers/MyPage/AlbumController.php on line 130
[11-Jul-2017 22:12:32 Asia/Seoul] PHP Notice:  Undefined index: user_name in /home/ubuntu/workspace/harmony_project/app/Http/Controllers/MyPage/AlbumController.php on line 131
[11-Jul-2017 22:12:32 Asia/Seoul] PHP Notice:  Undefined index: album_number in /home/ubuntu/workspace/harmony_project/app/Http/Controllers/MyPage/AlbumController.php on line 132
[11-Jul-2017 22:12:32 Asia/Seoul] PHP Notice:  Undefined index: user_name in /home/ubuntu/workspace/harmony_project/app/Http/Controllers/MyPage/AlbumController.php on line 133
[27-Jul-2017 19:22:19 Asia/Seoul] PHP Fatal error:  Maximum execution time of 30 seconds exceeded in /home/ubuntu/workspace/harmony_project/vendor/composer/ClassLoader.php on line 444
[03-Aug-2017 20:58:39 Asia/Seoul] PHP Fatal error:  Class 'App\Http\Controllers\Controller' not found in /home/ubuntu/workspace/harmony_project/app/Http/Controllers/Controller.php on line 9
[03-Aug-2017 20:58:59 Asia/Seoul] PHP Fatal error:  Class 'App\Http\Controllers\Controller' not found in /home/ubuntu/workspace/harmony_project/app/Http/Controllers/Controller.php on line 9
[03-Aug-2017 20:59:02 Asia/Seoul] PHP Fatal error:  Class 'App\Http\Controllers\Controller' not found in /home/ubuntu/workspace/harmony_project/app/Http/Controllers/Controller.php on line 9
[03-Aug-2017 20:59:12 Asia/Seoul] PHP Fatal error:  Class 'App\Http\Controllers\Controller' not found in /home/ubuntu/workspace/harmony_project/app/Http/Controllers/Controller.php on line 9
[03-Aug-2017 20:59:46 Asia/Seoul] PHP Fatal error:  Class 'App\Http\Controllers\Controller' not found in /home/ubuntu/workspace/harmony_project/app/Http/Controllers/Controller.php on line 9
[03-Aug-2017 20:59:47 Asia/Seoul] PHP Fatal error:  Class 'App\Http\Controllers\Controller' not found in /home/ubuntu/workspace/harmony_project/app/Http/Controllers/Controller.php on line 9
[03-Aug-2017 20:59:48 Asia/Seoul] PHP Fatal error:  Class 'App\Http\Controllers\Controller' not found in /home/ubuntu/workspace/harmony_project/app/Http/Controllers/Controller.php on line 9
[03-Aug-2017 21:01:01 Asia/Seoul] PHP Fatal error:  Class 'App\Http\Controllers\Controller' not found in /home/ubuntu/workspace/harmony_project/app/Http/Controllers/Controller.php on line 9
[06-Aug-2017 00:11:44 Asia/Seoul] PHP Warning:  Uncaught ErrorException: require(test.html): failed to open stream: No such file or directory in /home/ubuntu/workspace/harmony_project/storage/framework/views/4eb88382098701d4f4303e43d9083994b98b454f.php:140
Stack trace:
#0 /home/ubuntu/workspace/harmony_project/storage/framework/views/4eb88382098701d4f4303e43d9083994b98b454f.php(140): Illuminate\Foundation\Bootstrap\HandleExceptions->handleError(2, 'require(test.ht...', '/home/ubuntu/wo...', 140, Array)
#1 /home/ubuntu/workspace/harmony_project/storage/framework/views/4eb88382098701d4f4303e43d9083994b98b454f.php(140): require()
#2 /home/ubuntu/workspace/harmony_project/vendor/laravel/framework/src/Illuminate/View/Engines/PhpEngine.php(42): include('/home/ubuntu/wo...')
#3 /home/ubuntu/workspace/harmony_project/vendor/laravel/framework/src/Illuminate/View/Engines/CompilerEngine.php(59): Illuminate\View\Engines\PhpEngine->evaluatePath('/home/ubuntu/wo...', Array)
#4 /home/ubuntu/workspace/harmony_project/vendor/laravel/framework/src/Illuminate/View/View.php(1 in /home/ubuntu/workspace/harmony_project/storage/framework/views/4eb88382098701d4f4303e43d9083994b98b454f.php on line 140
[06-Aug-2017 00:11:44 Asia/Seoul] PHP Fatal error:  Illuminate\View\Engines\PhpEngine::main(): Failed opening required 'test.html' (include_path='.:/usr/share/php') in /home/ubuntu/workspace/harmony_project/storage/framework/views/4eb88382098701d4f4303e43d9083994b98b454f.php on line 140
[08-Aug-2017 01:33:47 Asia/Seoul] PHP Fatal error:  Cannot use Illuminate\Support\Facades\Auth as Auth because the name is already in use in /home/ubuntu/workspace/harmony_project/app/Http/Controllers/Guild/GuildController.php on line 16
[08-Aug-2017 01:33:48 Asia/Seoul] PHP Fatal error:  Cannot use Illuminate\Support\Facades\Auth as Auth because the name is already in use in /home/ubuntu/workspace/harmony_project/app/Http/Controllers/Guild/GuildController.php on line 16
[08-Aug-2017 01:33:50 Asia/Seoul] PHP Fatal error:  Cannot use Illuminate\Support\Facades\Auth as Auth because the name is already in use in /home/ubuntu/workspace/harmony_project/app/Http/Controllers/Guild/GuildController.php on line 16
[08-Aug-2017 01:33:56 Asia/Seoul] PHP Fatal error:  Cannot use Illuminate\Support\Facades\Auth as Auth because the name is already in use in /home/ubuntu/workspace/harmony_project/app/Http/Controllers/Guild/GuildController.php on line 16
[08-Aug-2017 01:33:57 Asia/Seoul] PHP Fatal error:  Cannot use Illuminate\Support\Facades\Auth as Auth because the name is already in use in /home/ubuntu/workspace/harmony_project/app/Http/Controllers/Guild/GuildController.php on line 16
[08-Aug-2017 01:33:59 Asia/Seoul] PHP Fatal error:  Cannot use Illuminate\Support\Facades\Auth as Auth because the name is already in use in /home/ubuntu/workspace/harmony_project/app/Http/Controllers/Guild/GuildController.php on line 16
[08-Aug-2017 01:33:59 Asia/Seoul] PHP Fatal error:  Cannot use Illuminate\Support\Facades\Auth as Auth because the name is already in use in /home/ubuntu/workspace/harmony_project/app/Http/Controllers/Guild/GuildController.php on line 16
[08-Aug-2017 01:34:05 Asia/Seoul] PHP Fatal error:  Cannot use Illuminate\Support\Facades\Auth as Auth because the name is already in use in /home/ubuntu/workspace/harmony_project/app/Http/Controllers/Guild/GuildController.php on line 16
[08-Aug-2017 01:34:08 Asia/Seoul] PHP Fatal error:  Cannot use Illuminate\Support\Facades\Auth as Auth because the name is already in use in /home/ubuntu/workspace/harmony_project/app/Http/Controllers/Guild/GuildController.php on line 16
[08-Aug-2017 01:34:09 Asia/Seoul] PHP Fatal error:  Cannot use Illuminate\Support\Facades\Auth as Auth because the name is already in use in /home/ubuntu/workspace/harmony_project/app/Http/Controllers/Guild/GuildController.php on line 16
[08-Aug-2017 01:34:18 Asia/Seoul] PHP Fatal error:  Cannot use Illuminate\Support\Facades\Auth as Auth because the name is already in use in /home/ubuntu/workspace/harmony_project/app/Http/Controllers/Guild/GuildController.php on line 16
[08-Aug-2017 01:34:25 Asia/Seoul] PHP Fatal error:  Cannot use Illuminate\Support\Facades\Auth as Auth because the name is already in use in /home/ubuntu/workspace/harmony_project/app/Http/Controllers/Guild/GuildController.php on line 16
[08-Aug-2017 03:11:04 Asia/Seoul] PHP Fatal error:  'break' not in the 'loop' or 'switch' context in /home/ubuntu/workspace/harmony_project/app/Http/Controllers/ionic/IonicController.php on line 91
[08-Aug-2017 03:11:13 Asia/Seoul] PHP Fatal error:  'break' not in the 'loop' or 'switch' context in /home/ubuntu/workspace/harmony_project/app/Http/Controllers/ionic/IonicController.php on line 91
[10-Aug-2017 00:59:49 Asia/Seoul] PHP Fatal error:  Cannot redeclare App\Http\Controllers\ionic\IonicMusicController::ionicList() in /home/ubuntu/workspace/harmony_project/app/Http/Controllers/ionic/IonicMusicController.php on line 88
[10-Aug-2017 01:02:54 Asia/Seoul] PHP Fatal error:  Cannot redeclare App\Http\Controllers\ionic\IonicMusicController::ionicList() in /home/ubuntu/workspace/harmony_project/app/Http/Controllers/ionic/IonicMusicController.php on line 88
[10-Aug-2017 01:03:24 Asia/Seoul] PHP Fatal error:  Cannot redeclare App\Http\Controllers\ionic\IonicMusicController::ionicList() in /home/ubuntu/workspace/harmony_project/app/Http/Controllers/ionic/IonicMusicController.php on line 88
[10-Aug-2017 01:03:31 Asia/Seoul] PHP Fatal error:  Cannot redeclare App\Http\Controllers\ionic\IonicMusicController::ionicList() in /home/ubuntu/workspace/harmony_project/app/Http/Controllers/ionic/IonicMusicController.php on line 88
[10-Aug-2017 01:03:33 Asia/Seoul] PHP Fatal error:  Cannot redeclare App\Http\Controllers\ionic\IonicMusicController::ionicList() in /home/ubuntu/workspace/harmony_project/app/Http/Controllers/ionic/IonicMusicController.php on line 88
[10-Aug-2017 01:44:24 Asia/Seoul] PHP Fatal error:  Cannot redeclare App\Http\Controllers\ionic\IonicMusicController::ionicList() in /home/ubuntu/workspace/harmony_project/app/Http/Controllers/ionic/IonicMusicController.php on line 88
[15-Aug-2017 18:05:16 Asia/Seoul] PHP Fatal error:  Maximum execution time of 30 seconds exceeded in /home/ubuntu/workspace/harmony_project/vendor/composer/ClassLoader.php on line 444
[17-Aug-2017 01:54:24 Asia/Seoul] PHP Warning:  The use statement with non-compound name 'DateTime' has no effect in /home/ubuntu/workspace/harmony_project/app/Http/Controllers/Chat/ChatController.php on line 2
[17-Aug-2017 01:54:33 Asia/Seoul] PHP Warning:  The use statement with non-compound name 'DateTime' has no effect in /home/ubuntu/workspace/harmony_project/app/Http/Controllers/Chat/ChatController.php on line 2
[17-Aug-2017 01:56:32 Asia/Seoul] PHP Warning:  The use statement with non-compound name 'DateTime' has no effect in /home/ubuntu/workspace/harmony_project/app/Http/Controllers/Chat/ChatController.php on line 2
[17-Aug-2017 01:56:44 Asia/Seoul] PHP Warning:  The use statement with non-compound name 'DateTime' has no effect in /home/ubuntu/workspace/harmony_project/app/Http/Controllers/Chat/ChatController.php on line 2
[17-Aug-2017 01:57:24 Asia/Seoul] PHP Warning:  The use statement with non-compound name 'DateTime' has no effect in /home/ubuntu/workspace/harmony_project/app/Http/Controllers/Chat/ChatController.php on line 2
[17-Aug-2017 02:02:48 Asia/Seoul] PHP Warning:  The use statement with non-compound name 'DateTime' has no effect in /home/ubuntu/workspace/harmony_project/app/Http/Controllers/Chat/ChatController.php on line 2
[17-Aug-2017 02:03:00 Asia/Seoul] PHP Warning:  The use statement with non-compound name 'DateTime' has no effect in /home/ubuntu/workspace/harmony_project/app/Http/Controllers/Chat/ChatController.php on line 2
[17-Aug-2017 02:23:39 Asia/Seoul] PHP Warning:  The use statement with non-compound name 'DateTime' has no effect in /home/ubuntu/workspace/harmony_project/app/Http/Controllers/Chat/ChatController.php on line 2
[17-Aug-2017 02:24:32 Asia/Seoul] PHP Warning:  The use statement with non-compound name 'DateTime' has no effect in /home/ubuntu/workspace/harmony_project/app/Http/Controllers/Chat/ChatController.php on line 2
[17-Aug-2017 02:33:39 Asia/Seoul] PHP Warning:  The use statement with non-compound name 'DateTime' has no effect in /home/ubuntu/workspace/harmony_project/app/Http/Controllers/Chat/ChatController.php on line 2
[17-Aug-2017 02:38:25 Asia/Seoul] PHP Warning:  The use statement with non-compound name 'DateTime' has no effect in /home/ubuntu/workspace/harmony_project/app/Http/Controllers/Chat/ChatController.php on line 2
[17-Aug-2017 02:43:03 Asia/Seoul] PHP Warning:  The use statement with non-compound name 'DateTime' has no effect in /home/ubuntu/workspace/harmony_project/app/Http/Controllers/Chat/ChatController.php on line 2
[17-Aug-2017 02:47:47 Asia/Seoul] PHP Warning:  The use statement with non-compound name 'DateTime' has no effect in /home/ubuntu/workspace/harmony_project/app/Http/Controllers/Chat/ChatController.php on line 2
[17-Aug-2017 03:08:45 Asia/Seoul] PHP Warning:  The use statement with non-compound name 'DateTime' has no effect in /home/ubuntu/workspace/harmony_project/app/Http/Controllers/Chat/ChatController.php on line 2
[17-Aug-2017 03:08:51 Asia/Seoul] PHP Warning:  The use statement with non-compound name 'DateTime' has no effect in /home/ubuntu/workspace/harmony_project/app/Http/Controllers/Chat/ChatController.php on line 2
[17-Aug-2017 03:10:12 Asia/Seoul] PHP Warning:  The use statement with non-compound name 'DateTime' has no effect in /home/ubuntu/workspace/harmony_project/app/Http/Controllers/Chat/ChatController.php on line 2
[17-Aug-2017 03:11:32 Asia/Seoul] PHP Warning:  The use statement with non-compound name 'DateTime' has no effect in /home/ubuntu/workspace/harmony_project/app/Http/Controllers/Chat/ChatController.php on line 2
[17-Aug-2017 03:17:11 Asia/Seoul] PHP Warning:  The use statement with non-compound name 'DateTime' has no effect in /home/ubuntu/workspace/harmony_project/app/Http/Controllers/Chat/ChatController.php on line 2
[17-Aug-2017 03:19:18 Asia/Seoul] PHP Warning:  The use statement with non-compound name 'DateTime' has no effect in /home/ubuntu/workspace/harmony_project/app/Http/Controllers/Chat/ChatController.php on line 2
[17-Aug-2017 03:20:49 Asia/Seoul] PHP Warning:  The use statement with non-compound name 'DateTime' has no effect in /home/ubuntu/workspace/harmony_project/app/Http/Controllers/Chat/ChatController.php on line 2
[17-Aug-2017 03:22:24 Asia/Seoul] PHP Warning:  The use statement with non-compound name 'DateTime' has no effect in /home/ubuntu/workspace/harmony_project/app/Http/Controllers/Chat/ChatController.php on line 2
[17-Aug-2017 03:30:11 Asia/Seoul] PHP Warning:  The use statement with non-compound name 'DateTime' has no effect in /home/ubuntu/workspace/harmony_project/app/Http/Controllers/Chat/ChatController.php on line 2
[17-Aug-2017 03:34:33 Asia/Seoul] PHP Warning:  The use statement with non-compound name 'DateTime' has no effect in /home/ubuntu/workspace/harmony_project/app/Http/Controllers/Chat/ChatController.php on line 2
[17-Aug-2017 03:35:10 Asia/Seoul] PHP Warning:  The use statement with non-compound name 'DateTime' has no effect in /home/ubuntu/workspace/harmony_project/app/Http/Controllers/Chat/ChatController.php on line 2
[17-Aug-2017 03:35:36 Asia/Seoul] PHP Warning:  The use statement with non-compound name 'DateTime' has no effect in /home/ubuntu/workspace/harmony_project/app/Http/Controllers/Chat/ChatController.php on line 2
[17-Aug-2017 03:35:49 Asia/Seoul] PHP Warning:  The use statement with non-compound name 'DateTime' has no effect in /home/ubuntu/workspace/harmony_project/app/Http/Controllers/Chat/ChatController.php on line 2
[17-Aug-2017 03:37:06 Asia/Seoul] PHP Warning:  The use statement with non-compound name 'DateTime' has no effect in /home/ubuntu/workspace/harmony_project/app/Http/Controllers/Chat/ChatController.php on line 2
[17-Aug-2017 03:37:50 Asia/Seoul] PHP Warning:  The use statement with non-compound name 'DateTime' has no effect in /home/ubuntu/workspace/harmony_project/app/Http/Controllers/Chat/ChatController.php on line 2
[17-Aug-2017 03:44:20 Asia/Seoul] PHP Warning:  The use statement with non-compound name 'DateTime' has no effect in /home/ubuntu/workspace/harmony_project/app/Http/Controllers/Chat/ChatController.php on line 2
[17-Aug-2017 03:45:05 Asia/Seoul] PHP Warning:  The use statement with non-compound name 'DateTime' has no effect in /home/ubuntu/workspace/harmony_project/app/Http/Controllers/Chat/ChatController.php on line 2
[17-Aug-2017 03:46:24 Asia/Seoul] PHP Warning:  The use statement with non-compound name 'DateTime' has no effect in /home/ubuntu/workspace/harmony_project/app/Http/Controllers/Chat/ChatController.php on line 2
[17-Aug-2017 03:48:56 Asia/Seoul] PHP Warning:  The use statement with non-compound name 'DateTime' has no effect in /home/ubuntu/workspace/harmony_project/app/Http/Controllers/Chat/ChatController.php on line 2
[17-Aug-2017 03:49:50 Asia/Seoul] PHP Warning:  The use statement with non-compound name 'DateTime' has no effect in /home/ubuntu/workspace/harmony_project/app/Http/Controllers/Chat/ChatController.php on line 2
[17-Aug-2017 03:53:53 Asia/Seoul] PHP Warning:  The use statement with non-compound name 'DateTime' has no effect in /home/ubuntu/workspace/harmony_project/app/Http/Controllers/Chat/ChatController.php on line 2
[17-Aug-2017 04:31:52 Asia/Seoul] PHP Warning:  The use statement with non-compound name 'DateTime' has no effect in /home/ubuntu/workspace/harmony_project/app/Http/Controllers/Chat/ChatController.php on line 2
[17-Aug-2017 04:34:09 Asia/Seoul] PHP Fatal error:  Cannot use Request as Request because the name is already in use in /home/ubuntu/workspace/harmony_project/app/Http/Controllers/Chat/ChatBoxController.php on line 7
[17-Aug-2017 04:34:54 Asia/Seoul] PHP Warning:  The use statement with non-compound name 'DateTime' has no effect in /home/ubuntu/workspace/harmony_project/app/Http/Controllers/Chat/ChatBoxController.php on line 3
[17-Aug-2017 04:34:54 Asia/Seoul] PHP Fatal error:  Cannot use Request as Request because the name is already in use in /home/ubuntu/workspace/harmony_project/app/Http/Controllers/Chat/ChatBoxController.php on line 8
[17-Aug-2017 04:35:02 Asia/Seoul] PHP Warning:  The use statement with non-compound name 'DateTime' has no effect in /home/ubuntu/workspace/harmony_project/app/Http/Controllers/Chat/ChatBoxController.php on line 3
[17-Aug-2017 04:35:02 Asia/Seoul] PHP Fatal error:  Cannot use Request as Request because the name is already in use in /home/ubuntu/workspace/harmony_project/app/Http/Controllers/Chat/ChatBoxController.php on line 8
[17-Aug-2017 04:35:28 Asia/Seoul] PHP Warning:  The use statement with non-compound name 'DateTime' has no effect in /home/ubuntu/workspace/harmony_project/app/Http/Controllers/Chat/ChatBoxController.php on line 3
[17-Aug-2017 04:35:28 Asia/Seoul] PHP Fatal error:  Cannot use Request as Request because the name is already in use in /home/ubuntu/workspace/harmony_project/app/Http/Controllers/Chat/ChatBoxController.php on line 8
[17-Aug-2017 04:35:34 Asia/Seoul] PHP Warning:  The use statement with non-compound name 'DateTime' has no effect in /home/ubuntu/workspace/harmony_project/app/Http/Controllers/Chat/ChatBoxController.php on line 3
[17-Aug-2017 04:35:34 Asia/Seoul] PHP Fatal error:  Cannot use Request as Request because the name is already in use in /home/ubuntu/workspace/harmony_project/app/Http/Controllers/Chat/ChatBoxController.php on line 8
[17-Aug-2017 04:35:46 Asia/Seoul] PHP Warning:  The use statement with non-compound name 'DateTime' has no effect in /home/ubuntu/workspace/harmony_project/app/Http/Controllers/Chat/ChatBoxController.php on line 3
[17-Aug-2017 04:35:46 Asia/Seoul] PHP Fatal error:  Cannot use Request as Request because the name is already in use in /home/ubuntu/workspace/harmony_project/app/Http/Controllers/Chat/ChatBoxController.php on line 8
[17-Aug-2017 04:37:13 Asia/Seoul] PHP Warning:  The use statement with non-compound name 'DateTime' has no effect in /home/ubuntu/workspace/harmony_project/app/Http/Controllers/Chat/ChatBoxController.php on line 3
[17-Aug-2017 04:37:13 Asia/Seoul] PHP Fatal error:  Cannot use Request as Request because the name is already in use in /home/ubuntu/workspace/harmony_project/app/Http/Controllers/Chat/ChatBoxController.php on line 8
[17-Aug-2017 04:37:52 Asia/Seoul] PHP Warning:  The use statement with non-compound name 'DateTime' has no effect in /home/ubuntu/workspace/harmony_project/app/Http/Controllers/Chat/ChatBoxController.php on line 3
[17-Aug-2017 04:37:52 Asia/Seoul] PHP Fatal error:  Cannot use Request as Request because the name is already in use in /home/ubuntu/workspace/harmony_project/app/Http/Controllers/Chat/ChatBoxController.php on line 8
[17-Aug-2017 04:37:59 Asia/Seoul] PHP Warning:  The use statement with non-compound name 'DateTime' has no effect in /home/ubuntu/workspace/harmony_project/app/Http/Controllers/Chat/ChatBoxController.php on line 3
[17-Aug-2017 04:37:59 Asia/Seoul] PHP Fatal error:  Cannot use Request as Request because the name is already in use in /home/ubuntu/workspace/harmony_project/app/Http/Controllers/Chat/ChatBoxController.php on line 8
[17-Aug-2017 04:38:01 Asia/Seoul] PHP Warning:  The use statement with non-compound name 'DateTime' has no effect in /home/ubuntu/workspace/harmony_project/app/Http/Controllers/Chat/ChatBoxController.php on line 3
[17-Aug-2017 04:38:01 Asia/Seoul] PHP Fatal error:  Cannot use Request as Request because the name is already in use in /home/ubuntu/workspace/harmony_project/app/Http/Controllers/Chat/ChatBoxController.php on line 8
[17-Aug-2017 04:38:37 Asia/Seoul] PHP Warning:  The use statement with non-compound name 'DateTime' has no effect in /home/ubuntu/workspace/harmony_project/app/Http/Controllers/Chat/ChatBoxController.php on line 3
[17-Aug-2017 04:38:37 Asia/Seoul] PHP Fatal error:  Cannot use Request as Request because the name is already in use in /home/ubuntu/workspace/harmony_project/app/Http/Controllers/Chat/ChatBoxController.php on line 8
[17-Aug-2017 04:38:44 Asia/Seoul] PHP Warning:  The use statement with non-compound name 'DateTime' has no effect in /home/ubuntu/workspace/harmony_project/app/Http/Controllers/Chat/ChatBoxController.php on line 3
[17-Aug-2017 04:38:44 Asia/Seoul] PHP Fatal error:  Cannot use Request as Request because the name is already in use in /home/ubuntu/workspace/harmony_project/app/Http/Controllers/Chat/ChatBoxController.php on line 8
[17-Aug-2017 04:38:47 Asia/Seoul] PHP Warning:  The use statement with non-compound name 'DateTime' has no effect in /home/ubuntu/workspace/harmony_project/app/Http/Controllers/Chat/ChatBoxController.php on line 3
[17-Aug-2017 04:38:47 Asia/Seoul] PHP Fatal error:  Cannot use Request as Request because the name is already in use in /home/ubuntu/workspace/harmony_project/app/Http/Controllers/Chat/ChatBoxController.php on line 8
[17-Aug-2017 04:39:52 Asia/Seoul] PHP Warning:  The use statement with non-compound name 'DateTime' has no effect in /home/ubuntu/workspace/harmony_project/app/Http/Controllers/Chat/ChatBoxController.php on line 3
[17-Aug-2017 04:39:52 Asia/Seoul] PHP Fatal error:  Cannot use Request as Request because the name is already in use in /home/ubuntu/workspace/harmony_project/app/Http/Controllers/Chat/ChatBoxController.php on line 8
[17-Aug-2017 04:40:40 Asia/Seoul] PHP Warning:  The use statement with non-compound name 'DateTime' has no effect in /home/ubuntu/workspace/harmony_project/app/Http/Controllers/Chat/ChatBoxController.php on line 3
[17-Aug-2017 04:40:40 Asia/Seoul] PHP Fatal error:  Cannot use Request as Request because the name is already in use in /home/ubuntu/workspace/harmony_project/app/Http/Controllers/Chat/ChatBoxController.php on line 8
[17-Aug-2017 04:40:46 Asia/Seoul] PHP Warning:  The use statement with non-compound name 'DateTime' has no effect in /home/ubuntu/workspace/harmony_project/app/Http/Controllers/Chat/ChatBoxController.php on line 3
[17-Aug-2017 04:40:46 Asia/Seoul] PHP Fatal error:  Cannot use Request as Request because the name is already in use in /home/ubuntu/workspace/harmony_project/app/Http/Controllers/Chat/ChatBoxController.php on line 8
[17-Aug-2017 04:41:20 Asia/Seoul] PHP Warning:  The use statement with non-compound name 'DateTime' has no effect in /home/ubuntu/workspace/harmony_project/app/Http/Controllers/Chat/ChatBoxController.php on line 3
[17-Aug-2017 04:42:12 Asia/Seoul] PHP Warning:  The use statement with non-compound name 'DateTime' has no effect in /home/ubuntu/workspace/harmony_project/app/Http/Controllers/Chat/ChatBoxController.php on line 3
[17-Aug-2017 10:56:46 Asia/Seoul] PHP Warning:  The use statement with non-compound name 'DateTime' has no effect in /home/ubuntu/workspace/harmony_project/app/Http/Controllers/Chat/ChatBoxController.php on line 3
[17-Aug-2017 11:01:40 Asia/Seoul] PHP Warning:  The use statement with non-compound name 'DateTime' has no effect in /home/ubuntu/workspace/harmony_project/app/Http/Controllers/Chat/ChatController.php on line 2
[17-Aug-2017 17:22:18 Asia/Seoul] PHP Warning:  The use statement with non-compound name 'DateTime' has no effect in /home/ubuntu/workspace/harmony_project/app/Http/Controllers/Chat/ChatBoxController.php on line 3
[17-Aug-2017 17:23:56 Asia/Seoul] PHP Warning:  The use statement with non-compound name 'DateTime' has no effect in /home/ubuntu/workspace/harmony_project/app/Http/Controllers/Chat/ChatController.php on line 2
[18-Aug-2017 11:24:46 Asia/Seoul] PHP Fatal error:  Maximum execution time of 30 seconds exceeded in /home/ubuntu/workspace/harmony_project/vendor/composer/ClassLoader.php on line 444
[18-Aug-2017 19:10:04 Asia/Seoul] PHP Warning:  The use statement with non-compound name 'DateTime' has no effect in /home/ubuntu/workspace/harmony_project/app/Http/Controllers/Chat/ChatBoxController.php on line 3
[18-Aug-2017 19:10:55 Asia/Seoul] PHP Warning:  The use statement with non-compound name 'DateTime' has no effect in /home/ubuntu/workspace/harmony_project/app/Http/Controllers/Chat/ChatController.php on line 2
[18-Aug-2017 19:29:45 Asia/Seoul] PHP Warning:  The use statement with non-compound name 'DateTime' has no effect in /home/ubuntu/workspace/harmony_project/app/Http/Controllers/Chat/ChatBoxController.php on line 3
[18-Aug-2017 19:30:07 Asia/Seoul] PHP Warning:  The use statement with non-compound name 'DateTime' has no effect in /home/ubuntu/workspace/harmony_project/app/Http/Controllers/Chat/ChatBoxController.php on line 3
[18-Aug-2017 19:33:54 Asia/Seoul] PHP Warning:  The use statement with non-compound name 'DateTime' has no effect in /home/ubuntu/workspace/harmony_project/app/Http/Controllers/Chat/ChatController.php on line 2
[18-Aug-2017 19:34:49 Asia/Seoul] PHP Warning:  The use statement with non-compound name 'DateTime' has no effect in /home/ubuntu/workspace/harmony_project/app/Http/Controllers/Chat/ChatController.php on line 2
[18-Aug-2017 19:35:05 Asia/Seoul] PHP Warning:  The use statement with non-compound name 'DateTime' has no effect in /home/ubuntu/workspace/harmony_project/app/Http/Controllers/Chat/ChatController.php on line 2
[18-Aug-2017 19:35:46 Asia/Seoul] PHP Warning:  The use statement with non-compound name 'DateTime' has no effect in /home/ubuntu/workspace/harmony_project/app/Http/Controllers/Chat/ChatController.php on line 2
[18-Aug-2017 19:36:01 Asia/Seoul] PHP Warning:  The use statement with non-compound name 'DateTime' has no effect in /home/ubuntu/workspace/harmony_project/app/Http/Controllers/Chat/ChatController.php on line 2
[18-Aug-2017 19:39:47 Asia/Seoul] PHP Warning:  The use statement with non-compound name 'DateTime' has no effect in /home/ubuntu/workspace/harmony_project/app/Http/Controllers/Chat/ChatController.php on line 2
[18-Aug-2017 19:40:12 Asia/Seoul] PHP Warning:  The use statement with non-compound name 'DateTime' has no effect in /home/ubuntu/workspace/harmony_project/app/Http/Controllers/Chat/ChatController.php on line 2
[18-Aug-2017 19:51:11 Asia/Seoul] PHP Warning:  The use statement with non-compound name 'DateTime' has no effect in /home/ubuntu/workspace/harmony_project/app/Http/Controllers/Chat/ChatController.php on line 2
[18-Aug-2017 19:52:15 Asia/Seoul] PHP Warning:  The use statement with non-compound name 'DateTime' has no effect in /home/ubuntu/workspace/harmony_project/app/Http/Controllers/Chat/ChatController.php on line 2
[18-Aug-2017 19:54:48 Asia/Seoul] PHP Warning:  The use statement with non-compound name 'DateTime' has no effect in /home/ubuntu/workspace/harmony_project/app/Http/Controllers/Chat/ChatBoxController.php on line 3
[18-Aug-2017 19:54:49 Asia/Seoul] PHP Warning:  The use statement with non-compound name 'DateTime' has no effect in /home/ubuntu/workspace/harmony_project/app/Http/Controllers/Chat/ChatController.php on line 2
[18-Aug-2017 19:55:26 Asia/Seoul] PHP Warning:  The use statement with non-compound name 'DateTime' has no effect in /home/ubuntu/workspace/harmony_project/app/Http/Controllers/Chat/ChatController.php on line 2
[18-Aug-2017 19:55:37 Asia/Seoul] PHP Warning:  The use statement with non-compound name 'DateTime' has no effect in /home/ubuntu/workspace/harmony_project/app/Http/Controllers/Chat/ChatBoxController.php on line 3
[18-Aug-2017 19:55:51 Asia/Seoul] PHP Warning:  The use statement with non-compound name 'DateTime' has no effect in /home/ubuntu/workspace/harmony_project/app/Http/Controllers/Chat/ChatBoxController.php on line 3
[18-Aug-2017 19:56:05 Asia/Seoul] PHP Warning:  The use statement with non-compound name 'DateTime' has no effect in /home/ubuntu/workspace/harmony_project/app/Http/Controllers/Chat/ChatBoxController.php on line 3
[18-Aug-2017 19:57:28 Asia/Seoul] PHP Warning:  The use statement with non-compound name 'DateTime' has no effect in /home/ubuntu/workspace/harmony_project/app/Http/Controllers/Chat/ChatBoxController.php on line 3
[18-Aug-2017 19:58:55 Asia/Seoul] PHP Warning:  The use statement with non-compound name 'DateTime' has no effect in /home/ubuntu/workspace/harmony_project/app/Http/Controllers/Chat/ChatBoxController.php on line 3
[18-Aug-2017 19:59:07 Asia/Seoul] PHP Warning:  The use statement with non-compound name 'DateTime' has no effect in /home/ubuntu/workspace/harmony_project/app/Http/Controllers/Chat/ChatController.php on line 2
[18-Aug-2017 20:00:23 Asia/Seoul] PHP Warning:  The use statement with non-compound name 'DateTime' has no effect in /home/ubuntu/workspace/harmony_project/app/Http/Controllers/Chat/ChatBoxController.php on line 3
[18-Aug-2017 20:00:41 Asia/Seoul] PHP Warning:  The use statement with non-compound name 'DateTime' has no effect in /home/ubuntu/workspace/harmony_project/app/Http/Controllers/Chat/ChatBoxController.php on line 3
[18-Aug-2017 20:01:00 Asia/Seoul] PHP Warning:  The use statement with non-compound name 'DateTime' has no effect in /home/ubuntu/workspace/harmony_project/app/Http/Controllers/Chat/ChatBoxController.php on line 3
[18-Aug-2017 20:01:48 Asia/Seoul] PHP Warning:  The use statement with non-compound name 'DateTime' has no effect in /home/ubuntu/workspace/harmony_project/app/Http/Controllers/Chat/ChatBoxController.php on line 3
[18-Aug-2017 20:04:01 Asia/Seoul] PHP Warning:  The use statement with non-compound name 'DateTime' has no effect in /home/ubuntu/workspace/harmony_project/app/Http/Controllers/Chat/ChatBoxController.php on line 3
[18-Aug-2017 20:05:03 Asia/Seoul] PHP Warning:  The use statement with non-compound name 'DateTime' has no effect in /home/ubuntu/workspace/harmony_project/app/Http/Controllers/Chat/ChatBoxController.php on line 3
[18-Aug-2017 20:07:20 Asia/Seoul] PHP Warning:  The use statement with non-compound name 'DateTime' has no effect in /home/ubuntu/workspace/harmony_project/app/Http/Controllers/Chat/ChatController.php on line 2
[18-Aug-2017 20:07:58 Asia/Seoul] PHP Warning:  The use statement with non-compound name 'DateTime' has no effect in /home/ubuntu/workspace/harmony_project/app/Http/Controllers/Chat/ChatController.php on line 2
[18-Aug-2017 20:08:21 Asia/Seoul] PHP Warning:  The use statement with non-compound name 'DateTime' has no effect in /home/ubuntu/workspace/harmony_project/app/Http/Controllers/Chat/ChatController.php on line 2
[18-Aug-2017 20:08:33 Asia/Seoul] PHP Warning:  The use statement with non-compound name 'DateTime' has no effect in /home/ubuntu/workspace/harmony_project/app/Http/Controllers/Chat/ChatController.php on line 2
[18-Aug-2017 20:08:41 Asia/Seoul] PHP Warning:  The use statement with non-compound name 'DateTime' has no effect in /home/ubuntu/workspace/harmony_project/app/Http/Controllers/Chat/ChatController.php on line 2
[18-Aug-2017 20:08:57 Asia/Seoul] PHP Warning:  The use statement with non-compound name 'DateTime' has no effect in /home/ubuntu/workspace/harmony_project/app/Http/Controllers/Chat/ChatController.php on line 2
[18-Aug-2017 20:09:17 Asia/Seoul] PHP Warning:  The use statement with non-compound name 'DateTime' has no effect in /home/ubuntu/workspace/harmony_project/app/Http/Controllers/Chat/ChatBoxController.php on line 3
[18-Aug-2017 20:10:26 Asia/Seoul] PHP Warning:  The use statement with non-compound name 'DateTime' has no effect in /home/ubuntu/workspace/harmony_project/app/Http/Controllers/Chat/ChatBoxController.php on line 3
[18-Aug-2017 20:11:34 Asia/Seoul] PHP Warning:  The use statement with non-compound name 'DateTime' has no effect in /home/ubuntu/workspace/harmony_project/app/Http/Controllers/Chat/ChatBoxController.php on line 3
[18-Aug-2017 20:11:36 Asia/Seoul] PHP Warning:  The use statement with non-compound name 'DateTime' has no effect in /home/ubuntu/workspace/harmony_project/app/Http/Controllers/Chat/ChatController.php on line 2
[18-Aug-2017 20:12:52 Asia/Seoul] PHP Warning:  The use statement with non-compound name 'DateTime' has no effect in /home/ubuntu/workspace/harmony_project/app/Http/Controllers/Chat/ChatBoxController.php on line 3
[18-Aug-2017 20:13:45 Asia/Seoul] PHP Warning:  The use statement with non-compound name 'DateTime' has no effect in /home/ubuntu/workspace/harmony_project/app/Http/Controllers/Chat/ChatBoxController.php on line 3
[18-Aug-2017 20:27:47 Asia/Seoul] PHP Warning:  The use statement with non-compound name 'DateTime' has no effect in /home/ubuntu/workspace/harmony_project/app/Http/Controllers/Chat/ChatBoxController.php on line 3
[18-Aug-2017 20:28:38 Asia/Seoul] PHP Warning:  The use statement with non-compound name 'DateTime' has no effect in /home/ubuntu/workspace/harmony_project/app/Http/Controllers/Chat/ChatBoxController.php on line 3
[18-Aug-2017 20:31:27 Asia/Seoul] PHP Warning:  The use statement with non-compound name 'DateTime' has no effect in /home/ubuntu/workspace/harmony_project/app/Http/Controllers/Chat/ChatBoxController.php on line 3
[18-Aug-2017 20:49:35 Asia/Seoul] PHP Warning:  The use statement with non-compound name 'DateTime' has no effect in /home/ubuntu/workspace/harmony_project/app/Http/Controllers/Chat/ChatBoxController.php on line 3
[18-Aug-2017 21:05:46 Asia/Seoul] PHP Warning:  The use statement with non-compound name 'DateTime' has no effect in /home/ubuntu/workspace/harmony_project/app/Http/Controllers/Chat/ChatBoxController.php on line 3
[18-Aug-2017 21:05:57 Asia/Seoul] PHP Warning:  The use statement with non-compound name 'DateTime' has no effect in /home/ubuntu/workspace/harmony_project/app/Http/Controllers/Chat/ChatController.php on line 2
[18-Aug-2017 21:07:57 Asia/Seoul] PHP Warning:  The use statement with non-compound name 'DateTime' has no effect in /home/ubuntu/workspace/harmony_project/app/Http/Controllers/Chat/ChatBoxController.php on line 3
[18-Aug-2017 21:11:01 Asia/Seoul] PHP Warning:  The use statement with non-compound name 'DateTime' has no effect in /home/ubuntu/workspace/harmony_project/app/Http/Controllers/Chat/ChatController.php on line 2
[18-Aug-2017 21:12:12 Asia/Seoul] PHP Warning:  The use statement with non-compound name 'DateTime' has no effect in /home/ubuntu/workspace/harmony_project/app/Http/Controllers/Chat/ChatBoxController.php on line 3
[18-Aug-2017 21:51:39 Asia/Seoul] PHP Warning:  The use statement with non-compound name 'DateTime' has no effect in /home/ubuntu/workspace/harmony_project/app/Http/Controllers/Chat/ChatController.php on line 2
[18-Aug-2017 21:51:50 Asia/Seoul] PHP Warning:  The use statement with non-compound name 'DateTime' has no effect in /home/ubuntu/workspace/harmony_project/app/Http/Controllers/Chat/ChatController.php on line 2
[18-Aug-2017 22:08:25 Asia/Seoul] PHP Warning:  The use statement with non-compound name 'DateTime' has no effect in /home/ubuntu/workspace/harmony_project/app/Http/Controllers/Chat/ChatController.php on line 2
[18-Aug-2017 22:27:56 Asia/Seoul] PHP Warning:  The use statement with non-compound name 'DateTime' has no effect in /home/ubuntu/workspace/harmony_project/app/Http/Controllers/Chat/ChatBoxController.php on line 3
[18-Aug-2017 22:28:06 Asia/Seoul] PHP Warning:  The use statement with non-compound name 'DateTime' has no effect in /home/ubuntu/workspace/harmony_project/app/Http/Controllers/Chat/ChatController.php on line 2
[18-Aug-2017 22:28:28 Asia/Seoul] PHP Warning:  The use statement with non-compound name 'DateTime' has no effect in /home/ubuntu/workspace/harmony_project/app/Http/Controllers/Chat/ChatBoxController.php on line 3
[18-Aug-2017 22:30:07 Asia/Seoul] PHP Warning:  The use statement with non-compound name 'DateTime' has no effect in /home/ubuntu/workspace/harmony_project/app/Http/Controllers/Chat/ChatBoxController.php on line 3
[18-Aug-2017 22:32:14 Asia/Seoul] PHP Warning:  The use statement with non-compound name 'DateTime' has no effect in /home/ubuntu/workspace/harmony_project/app/Http/Controllers/Chat/ChatBoxController.php on line 3
[18-Aug-2017 22:33:14 Asia/Seoul] PHP Warning:  The use statement with non-compound name 'DateTime' has no effect in /home/ubuntu/workspace/harmony_project/app/Http/Controllers/Chat/ChatBoxController.php on line 3
[18-Aug-2017 22:33:46 Asia/Seoul] PHP Warning:  The use statement with non-compound name 'DateTime' has no effect in /home/ubuntu/workspace/harmony_project/app/Http/Controllers/Chat/ChatBoxController.php on line 3
[18-Aug-2017 22:33:53 Asia/Seoul] PHP Warning:  The use statement with non-compound name 'DateTime' has no effect in /home/ubuntu/workspace/harmony_project/app/Http/Controllers/Chat/ChatBoxController.php on line 3
[18-Aug-2017 22:36:19 Asia/Seoul] PHP Warning:  The use statement with non-compound name 'DateTime' has no effect in /home/ubuntu/workspace/harmony_project/app/Http/Controllers/Chat/ChatBoxController.php on line 3
[18-Aug-2017 22:36:23 Asia/Seoul] PHP Warning:  The use statement with non-compound name 'DateTime' has no effect in /home/ubuntu/workspace/harmony_project/app/Http/Controllers/Chat/ChatController.php on line 2
[18-Aug-2017 22:42:48 Asia/Seoul] PHP Warning:  The use statement with non-compound name 'DateTime' has no effect in /home/ubuntu/workspace/harmony_project/app/Http/Controllers/Chat/ChatBoxController.php on line 3
[18-Aug-2017 22:43:20 Asia/Seoul] PHP Warning:  The use statement with non-compound name 'DateTime' has no effect in /home/ubuntu/workspace/harmony_project/app/Http/Controllers/Chat/ChatBoxController.php on line 3
[18-Aug-2017 22:43:23 Asia/Seoul] PHP Warning:  The use statement with non-compound name 'DateTime' has no effect in /home/ubuntu/workspace/harmony_project/app/Http/Controllers/Chat/ChatController.php on line 2
[18-Aug-2017 22:45:58 Asia/Seoul] PHP Warning:  The use statement with non-compound name 'DateTime' has no effect in /home/ubuntu/workspace/harmony_project/app/Http/Controllers/Chat/ChatBoxController.php on line 3
[18-Aug-2017 22:48:41 Asia/Seoul] PHP Warning:  The use statement with non-compound name 'DateTime' has no effect in /home/ubuntu/workspace/harmony_project/app/Http/Controllers/Chat/ChatController.php on line 2
[18-Aug-2017 22:51:46 Asia/Seoul] PHP Warning:  The use statement with non-compound name 'DateTime' has no effect in /home/ubuntu/workspace/harmony_project/app/Http/Controllers/Chat/ChatBoxController.php on line 3
[18-Aug-2017 23:03:03 Asia/Seoul] PHP Warning:  The use statement with non-compound name 'DateTime' has no effect in /home/ubuntu/workspace/harmony_project/app/Http/Controllers/Chat/ChatBoxController.php on line 3
[18-Aug-2017 23:09:43 Asia/Seoul] PHP Warning:  The use statement with non-compound name 'DateTime' has no effect in /home/ubuntu/workspace/harmony_project/app/Http/Controllers/Chat/ChatBoxController.php on line 3
[18-Aug-2017 23:09:48 Asia/Seoul] PHP Warning:  The use statement with non-compound name 'DateTime' has no effect in /home/ubuntu/workspace/harmony_project/app/Http/Controllers/Chat/ChatController.php on line 2
[18-Aug-2017 23:16:57 Asia/Seoul] PHP Warning:  The use statement with non-compound name 'DateTime' has no effect in /home/ubuntu/workspace/harmony_project/app/Http/Controllers/Chat/ChatBoxController.php on line 3
[19-Aug-2017 00:03:00 Asia/Seoul] PHP Warning:  The use statement with non-compound name 'DateTime' has no effect in /home/ubuntu/workspace/harmony_project/app/Http/Controllers/Chat/ChatController.php on line 2
[19-Aug-2017 00:04:08 Asia/Seoul] PHP Warning:  The use statement with non-compound name 'DateTime' has no effect in /home/ubuntu/workspace/harmony_project/app/Http/Controllers/Chat/ChatController.php on line 2
[19-Aug-2017 00:04:26 Asia/Seoul] PHP Warning:  The use statement with non-compound name 'DateTime' has no effect in /home/ubuntu/workspace/harmony_project/app/Http/Controllers/Chat/ChatController.php on line 2
[19-Aug-2017 00:32:53 Asia/Seoul] PHP Warning:  The use statement with non-compound name 'DateTime' has no effect in /home/ubuntu/workspace/harmony_project/app/Http/Controllers/Chat/ChatBoxController.php on line 3
[19-Aug-2017 00:35:51 Asia/Seoul] PHP Warning:  The use statement with non-compound name 'DateTime' has no effect in /home/ubuntu/workspace/harmony_project/app/Http/Controllers/Chat/ChatBoxController.php on line 3
[19-Aug-2017 00:36:26 Asia/Seoul] PHP Warning:  The use statement with non-compound name 'DateTime' has no effect in /home/ubuntu/workspace/harmony_project/app/Http/Controllers/Chat/ChatBoxController.php on line 3
[19-Aug-2017 00:38:29 Asia/Seoul] PHP Warning:  The use statement with non-compound name 'DateTime' has no effect in /home/ubuntu/workspace/harmony_project/app/Http/Controllers/Chat/ChatBoxController.php on line 3
[19-Aug-2017 00:39:22 Asia/Seoul] PHP Warning:  The use statement with non-compound name 'DateTime' has no effect in /home/ubuntu/workspace/harmony_project/app/Http/Controllers/Chat/ChatController.php on line 2
[19-Aug-2017 00:42:20 Asia/Seoul] PHP Warning:  The use statement with non-compound name 'DateTime' has no effect in /home/ubuntu/workspace/harmony_project/app/Http/Controllers/Chat/ChatController.php on line 2
[19-Aug-2017 00:42:30 Asia/Seoul] PHP Warning:  The use statement with non-compound name 'DateTime' has no effect in /home/ubuntu/workspace/harmony_project/app/Http/Controllers/Chat/ChatController.php on line 2
[19-Aug-2017 00:42:33 Asia/Seoul] PHP Warning:  The use statement with non-compound name 'DateTime' has no effect in /home/ubuntu/workspace/harmony_project/app/Http/Controllers/Chat/ChatBoxController.php on line 3
[19-Aug-2017 12:54:26 Asia/Seoul] PHP Warning:  The use statement with non-compound name 'DateTime' has no effect in /home/ubuntu/workspace/harmony_project/app/Http/Controllers/Chat/ChatBoxController.php on line 3
[19-Aug-2017 12:55:11 Asia/Seoul] PHP Warning:  The use statement with non-compound name 'DateTime' has no effect in /home/ubuntu/workspace/harmony_project/app/Http/Controllers/Chat/ChatController.php on line 2
[19-Aug-2017 12:56:19 Asia/Seoul] PHP Warning:  The use statement with non-compound name 'DateTime' has no effect in /home/ubuntu/workspace/harmony_project/app/Http/Controllers/Chat/ChatBoxController.php on line 3
[19-Aug-2017 13:00:08 Asia/Seoul] PHP Warning:  The use statement with non-compound name 'DateTime' has no effect in /home/ubuntu/workspace/harmony_project/app/Http/Controllers/Chat/ChatBoxController.php on line 3
[19-Aug-2017 13:01:26 Asia/Seoul] PHP Warning:  The use statement with non-compound name 'DateTime' has no effect in /home/ubuntu/workspace/harmony_project/app/Http/Controllers/Chat/ChatController.php on line 2
[19-Aug-2017 13:03:04 Asia/Seoul] PHP Warning:  The use statement with non-compound name 'DateTime' has no effect in /home/ubuntu/workspace/harmony_project/app/Http/Controllers/Chat/ChatBoxController.php on line 3
[19-Aug-2017 13:03:07 Asia/Seoul] PHP Warning:  The use statement with non-compound name 'DateTime' has no effect in /home/ubuntu/workspace/harmony_project/app/Http/Controllers/Chat/ChatController.php on line 2
[19-Aug-2017 13:09:10 Asia/Seoul] PHP Warning:  The use statement with non-compound name 'DateTime' has no effect in /home/ubuntu/workspace/harmony_project/app/Http/Controllers/Chat/ChatBoxController.php on line 3
[19-Aug-2017 13:11:11 Asia/Seoul] PHP Warning:  The use statement with non-compound name 'DateTime' has no effect in /home/ubuntu/workspace/harmony_project/app/Http/Controllers/Chat/ChatBoxController.php on line 3
[19-Aug-2017 13:18:40 Asia/Seoul] PHP Warning:  The use statement with non-compound name 'DateTime' has no effect in /home/ubuntu/workspace/harmony_project/app/Http/Controllers/Chat/ChatBoxController.php on line 3
[19-Aug-2017 13:18:45 Asia/Seoul] PHP Warning:  The use statement with non-compound name 'DateTime' has no effect in /home/ubuntu/workspace/harmony_project/app/Http/Controllers/Chat/ChatBoxController.php on line 3
[19-Aug-2017 13:27:32 Asia/Seoul] PHP Warning:  The use statement with non-compound name 'DateTime' has no effect in /home/ubuntu/workspace/harmony_project/app/Http/Controllers/Chat/ChatBoxController.php on line 3
[19-Aug-2017 13:28:04 Asia/Seoul] PHP Warning:  The use statement with non-compound name 'DateTime' has no effect in /home/ubuntu/workspace/harmony_project/app/Http/Controllers/Chat/ChatBoxController.php on line 3
[19-Aug-2017 13:32:25 Asia/Seoul] PHP Warning:  The use statement with non-compound name 'DateTime' has no effect in /home/ubuntu/workspace/harmony_project/app/Http/Controllers/Chat/ChatBoxController.php on line 3
[19-Aug-2017 13:32:35 Asia/Seoul] PHP Warning:  The use statement with non-compound name 'DateTime' has no effect in /home/ubuntu/workspace/harmony_project/app/Http/Controllers/Chat/ChatBoxController.php on line 3
[19-Aug-2017 14:25:20 Asia/Seoul] PHP Warning:  The use statement with non-compound name 'DateTime' has no effect in /home/ubuntu/workspace/harmony_project/app/Http/Controllers/Chat/ChatBoxController.php on line 3
[19-Aug-2017 14:25:50 Asia/Seoul] PHP Warning:  The use statement with non-compound name 'DateTime' has no effect in /home/ubuntu/workspace/harmony_project/app/Http/Controllers/Chat/ChatBoxController.php on line 3
[19-Aug-2017 14:26:20 Asia/Seoul] PHP Warning:  The use statement with non-compound name 'DateTime' has no effect in /home/ubuntu/workspace/harmony_project/app/Http/Controllers/Chat/ChatBoxController.php on line 3
[19-Aug-2017 14:59:57 Asia/Seoul] PHP Warning:  The use statement with non-compound name 'DateTime' has no effect in /home/ubuntu/workspace/harmony_project/app/Http/Controllers/Chat/ChatBoxController.php on line 3
[19-Aug-2017 15:55:47 Asia/Seoul] PHP Warning:  The use statement with non-compound name 'DateTime' has no effect in /home/ubuntu/workspace/harmony_project/app/Http/Controllers/Chat/ChatController.php on line 2
[19-Aug-2017 15:55:57 Asia/Seoul] PHP Warning:  The use statement with non-compound name 'DateTime' has no effect in /home/ubuntu/workspace/harmony_project/app/Http/Controllers/Chat/ChatController.php on line 2
[19-Aug-2017 15:56:46 Asia/Seoul] PHP Warning:  The use statement with non-compound name 'DateTime' has no effect in /home/ubuntu/workspace/harmony_project/app/Http/Controllers/Chat/ChatController.php on line 2
[19-Aug-2017 15:57:06 Asia/Seoul] PHP Warning:  The use statement with non-compound name 'DateTime' has no effect in /home/ubuntu/workspace/harmony_project/app/Http/Controllers/Chat/ChatController.php on line 2
[19-Aug-2017 16:19:49 Asia/Seoul] PHP Warning:  The use statement with non-compound name 'DateTime' has no effect in /home/ubuntu/workspace/harmony_project/app/Http/Controllers/Chat/ChatBoxController.php on line 3
[19-Aug-2017 16:20:25 Asia/Seoul] PHP Warning:  The use statement with non-compound name 'DateTime' has no effect in /home/ubuntu/workspace/harmony_project/app/Http/Controllers/Chat/ChatBoxController.php on line 3
[19-Aug-2017 16:20:37 Asia/Seoul] PHP Warning:  The use statement with non-compound name 'DateTime' has no effect in /home/ubuntu/workspace/harmony_project/app/Http/Controllers/Chat/ChatBoxController.php on line 3
[19-Aug-2017 16:21:27 Asia/Seoul] PHP Warning:  The use statement with non-compound name 'DateTime' has no effect in /home/ubuntu/workspace/harmony_project/app/Http/Controllers/Chat/ChatBoxController.php on line 3
[19-Aug-2017 16:21:56 Asia/Seoul] PHP Warning:  The use statement with non-compound name 'DateTime' has no effect in /home/ubuntu/workspace/harmony_project/app/Http/Controllers/Chat/ChatController.php on line 2
[19-Aug-2017 16:22:08 Asia/Seoul] PHP Warning:  The use statement with non-compound name 'DateTime' has no effect in /home/ubuntu/workspace/harmony_project/app/Http/Controllers/Chat/ChatBoxController.php on line 3
[19-Aug-2017 16:23:29 Asia/Seoul] PHP Warning:  The use statement with non-compound name 'DateTime' has no effect in /home/ubuntu/workspace/harmony_project/app/Http/Controllers/Chat/ChatBoxController.php on line 3
[19-Aug-2017 16:23:47 Asia/Seoul] PHP Warning:  The use statement with non-compound name 'DateTime' has no effect in /home/ubuntu/workspace/harmony_project/app/Http/Controllers/Chat/ChatBoxController.php on line 3
[19-Aug-2017 16:24:19 Asia/Seoul] PHP Warning:  The use statement with non-compound name 'DateTime' has no effect in /home/ubuntu/workspace/harmony_project/app/Http/Controllers/Chat/ChatBoxController.php on line 3
[19-Aug-2017 16:24:22 Asia/Seoul] PHP Warning:  The use statement with non-compound name 'DateTime' has no effect in /home/ubuntu/workspace/harmony_project/app/Http/Controllers/Chat/ChatController.php on line 2
[19-Aug-2017 16:24:41 Asia/Seoul] PHP Warning:  The use statement with non-compound name 'DateTime' has no effect in /home/ubuntu/workspace/harmony_project/app/Http/Controllers/Chat/ChatBoxController.php on line 3
[19-Aug-2017 16:29:42 Asia/Seoul] PHP Warning:  The use statement with non-compound name 'DateTime' has no effect in /home/ubuntu/workspace/harmony_project/app/Http/Controllers/Chat/ChatBoxController.php on line 3
[19-Aug-2017 16:34:43 Asia/Seoul] PHP Warning:  The use statement with non-compound name 'DateTime' has no effect in /home/ubuntu/workspace/harmony_project/app/Http/Controllers/Chat/ChatBoxController.php on line 3
[19-Aug-2017 16:35:02 Asia/Seoul] PHP Warning:  The use statement with non-compound name 'DateTime' has no effect in /home/ubuntu/workspace/harmony_project/app/Http/Controllers/Chat/ChatBoxController.php on line 3
[19-Aug-2017 16:36:49 Asia/Seoul] PHP Warning:  The use statement with non-compound name 'DateTime' has no effect in /home/ubuntu/workspace/harmony_project/app/Http/Controllers/Chat/ChatBoxController.php on line 3
[19-Aug-2017 16:37:07 Asia/Seoul] PHP Warning:  The use statement with non-compound name 'DateTime' has no effect in /home/ubuntu/workspace/harmony_project/app/Http/Controllers/Chat/ChatBoxController.php on line 3
[19-Aug-2017 16:53:50 Asia/Seoul] PHP Warning:  The use statement with non-compound name 'DateTime' has no effect in /home/ubuntu/workspace/harmony_project/app/Http/Controllers/Chat/ChatBoxController.php on line 3
[19-Aug-2017 17:09:22 Asia/Seoul] PHP Warning:  The use statement with non-compound name 'DateTime' has no effect in /home/ubuntu/workspace/harmony_project/app/Http/Controllers/Chat/ChatController.php on line 2
[19-Aug-2017 17:18:57 Asia/Seoul] PHP Warning:  The use statement with non-compound name 'DateTime' has no effect in /home/ubuntu/workspace/harmony_project/app/Http/Controllers/Chat/ChatBoxController.php on line 3
[19-Aug-2017 17:52:26 Asia/Seoul] PHP Warning:  The use statement with non-compound name 'DateTime' has no effect in /home/ubuntu/workspace/harmony_project/app/Http/Controllers/Chat/ChatBoxController.php on line 3
[19-Aug-2017 17:52:30 Asia/Seoul] PHP Warning:  The use statement with non-compound name 'DateTime' has no effect in /home/ubuntu/workspace/harmony_project/app/Http/Controllers/Chat/ChatController.php on line 2
[19-Aug-2017 17:59:22 Asia/Seoul] PHP Warning:  The use statement with non-compound name 'DateTime' has no effect in /home/ubuntu/workspace/harmony_project/app/Http/Controllers/Chat/ChatBoxController.php on line 3
[19-Aug-2017 18:09:31 Asia/Seoul] PHP Warning:  The use statement with non-compound name 'DateTime' has no effect in /home/ubuntu/workspace/harmony_project/app/Http/Controllers/Chat/ChatBoxController.php on line 3
[19-Aug-2017 18:09:36 Asia/Seoul] PHP Warning:  The use statement with non-compound name 'DateTime' has no effect in /home/ubuntu/workspace/harmony_project/app/Http/Controllers/Chat/ChatController.php on line 2
[19-Aug-2017 18:14:14 Asia/Seoul] PHP Warning:  The use statement with non-compound name 'DateTime' has no effect in /home/ubuntu/workspace/harmony_project/app/Http/Controllers/Chat/ChatBoxController.php on line 3
[19-Aug-2017 18:14:17 Asia/Seoul] PHP Warning:  The use statement with non-compound name 'DateTime' has no effect in /home/ubuntu/workspace/harmony_project/app/Http/Controllers/Chat/ChatController.php on line 2
[19-Aug-2017 18:17:55 Asia/Seoul] PHP Warning:  The use statement with non-compound name 'DateTime' has no effect in /home/ubuntu/workspace/harmony_project/app/Http/Controllers/Chat/ChatBoxController.php on line 3
[19-Aug-2017 18:17:56 Asia/Seoul] PHP Warning:  The use statement with non-compound name 'DateTime' has no effect in /home/ubuntu/workspace/harmony_project/app/Http/Controllers/Chat/ChatController.php on line 2
[19-Aug-2017 18:18:27 Asia/Seoul] PHP Warning:  The use statement with non-compound name 'DateTime' has no effect in /home/ubuntu/workspace/harmony_project/app/Http/Controllers/Chat/ChatController.php on line 2
[21-Aug-2017 16:17:43 Asia/Seoul] PHP Warning:  The use statement with non-compound name 'DateTime' has no effect in /home/ubuntu/workspace/harmony_project/app/Http/Controllers/Chat/ChatBoxController.php on line 3
[21-Aug-2017 16:17:54 Asia/Seoul] PHP Warning:  The use statement with non-compound name 'DateTime' has no effect in /home/ubuntu/workspace/harmony_project/app/Http/Controllers/Chat/ChatController.php on line 2
[24-Aug-2017 01:32:36 Asia/Seoul] PHP Fatal error:  Cannot use [] for reading in /home/ubuntu/workspace/harmony_project/storage/framework/views/5d4c611081e6bc9818d44b2d58dd206d34f930b1.php on line 247
[24-Aug-2017 22:16:53 Asia/Seoul] PHP Warning:  The use statement with non-compound name 'DateTime' has no effect in /home/ubuntu/workspace/harmony_project/app/Http/Controllers/Chat/ChatBoxController.php on line 3
[24-Aug-2017 22:17:49 Asia/Seoul] PHP Warning:  The use statement with non-compound name 'DateTime' has no effect in /home/ubuntu/workspace/harmony_project/app/Http/Controllers/Chat/ChatController.php on line 2
[24-Aug-2017 22:23:51 Asia/Seoul] PHP Warning:  The use statement with non-compound name 'DateTime' has no effect in /home/ubuntu/workspace/harmony_project/app/Http/Controllers/Chat/ChatController.php on line 2
[24-Aug-2017 22:34:40 Asia/Seoul] PHP Warning:  The use statement with non-compound name 'DateTime' has no effect in /home/ubuntu/workspace/harmony_project/app/Http/Controllers/Chat/ChatBoxController.php on line 3
[24-Aug-2017 22:59:31 Asia/Seoul] PHP Warning:  The use statement with non-compound name 'DateTime' has no effect in /home/ubuntu/workspace/harmony_project/app/Http/Controllers/Chat/ChatBoxController.php on line 3
[24-Aug-2017 23:20:05 Asia/Seoul] PHP Warning:  The use statement with non-compound name 'DateTime' has no effect in /home/ubuntu/workspace/harmony_project/app/Http/Controllers/Chat/ChatController.php on line 2
[24-Aug-2017 23:27:42 Asia/Seoul] PHP Warning:  The use statement with non-compound name 'DateTime' has no effect in /home/ubuntu/workspace/harmony_project/app/Http/Controllers/Chat/ChatBoxController.php on line 3
[24-Aug-2017 23:35:07 Asia/Seoul] PHP Warning:  The use statement with non-compound name 'DateTime' has no effect in /home/ubuntu/workspace/harmony_project/app/Http/Controllers/Chat/ChatBoxController.php on line 3
[24-Aug-2017 23:44:23 Asia/Seoul] PHP Warning:  The use statement with non-compound name 'DateTime' has no effect in /home/ubuntu/workspace/harmony_project/app/Http/Controllers/Chat/ChatController.php on line 2
[25-Aug-2017 03:46:19 Asia/Seoul] PHP Warning:  The use statement with non-compound name 'DateTime' has no effect in /home/ubuntu/workspace/harmony_project/app/Http/Controllers/Chat/ChatBoxController.php on line 3
[25-Aug-2017 04:04:08 Asia/Seoul] PHP Warning:  The use statement with non-compound name 'DateTime' has no effect in /home/ubuntu/workspace/harmony_project/app/Http/Controllers/Chat/ChatController.php on line 2
[25-Aug-2017 05:01:32 Asia/Seoul] PHP Warning:  The use statement with non-compound name 'DateTime' has no effect in /home/ubuntu/workspace/harmony_project/app/Http/Controllers/Chat/ChatBoxController.php on line 3
[25-Aug-2017 05:01:33 Asia/Seoul] PHP Warning:  The use statement with non-compound name 'DateTime' has no effect in /home/ubuntu/workspace/harmony_project/app/Http/Controllers/Chat/ChatController.php on line 2
[25-Aug-2017 11:20:05 Asia/Seoul] PHP Warning:  The use statement with non-compound name 'DateTime' has no effect in /home/ubuntu/workspace/harmony_project/app/Http/Controllers/Chat/ChatBoxController.php on line 3
[25-Aug-2017 12:38:42 Asia/Seoul] PHP Warning:  The use statement with non-compound name 'DateTime' has no effect in /home/ubuntu/workspace/harmony_project/app/Http/Controllers/Chat/ChatController.php on line 2
[25-Aug-2017 12:38:42 Asia/Seoul] PHP Warning:  The use statement with non-compound name 'DateTime' has no effect in /home/ubuntu/workspace/harmony_project/app/Http/Controllers/Chat/ChatController.php on line 2
[04-Sep-2017 23:48:16 Asia/Seoul] PHP Warning:  The use statement with non-compound name 'DateTime' has no effect in /home/ubuntu/workspace/harmony_project/app/Http/Controllers/Chat/ChatBoxController.php on line 3
[04-Sep-2017 23:48:20 Asia/Seoul] PHP Warning:  The use statement with non-compound name 'DateTime' has no effect in /home/ubuntu/workspace/harmony_project/app/Http/Controllers/Chat/ChatController.php on line 2
[07-Sep-2017 21:00:12 Asia/Seoul] PHP Warning:  The use statement with non-compound name 'DateTime' has no effect in /home/ubuntu/workspace/harmony_project/app/Http/Controllers/Chat/ChatBoxController.php on line 3
[07-Sep-2017 22:15:31 Asia/Seoul] PHP Warning:  The use statement with non-compound name 'DateTime' has no effect in /home/ubuntu/workspace/harmony_project/app/Http/Controllers/Chat/ChatBoxController.php on line 3
[08-Sep-2017 09:10:09 Asia/Seoul] PHP Warning:  The use statement with non-compound name 'DateTime' has no effect in /home/ubuntu/workspace/harmony_project/app/Http/Controllers/Chat/ChatController.php on line 2
[08-Sep-2017 09:42:56 Asia/Seoul] PHP Warning:  The use statement with non-compound name 'DateTime' has no effect in /home/ubuntu/workspace/harmony_project/app/Http/Controllers/Chat/ChatBoxController.php on line 3
[08-Sep-2017 10:48:36 Asia/Seoul] PHP Warning:  The use statement with non-compound name 'DateTime' has no effect in /home/ubuntu/workspace/harmony_project/app/Http/Controllers/Chat/ChatController.php on line 2
[10-Sep-2017 13:39:07 Asia/Seoul] PHP Warning:  The use statement with non-compound name 'DateTime' has no effect in /home/ubuntu/workspace/harmony_project/app/Http/Controllers/Chat/ChatBoxController.php on line 3
[10-Sep-2017 16:30:21 Asia/Seoul] PHP Warning:  The use statement with non-compound name 'DateTime' has no effect in /home/ubuntu/workspace/harmony_project/app/Http/Controllers/Chat/ChatBoxController.php on line 3
[10-Sep-2017 16:45:03 Asia/Seoul] PHP Warning:  The use statement with non-compound name 'DateTime' has no effect in /home/ubuntu/workspace/harmony_project/app/Http/Controllers/Chat/ChatController.php on line 2
[12-Sep-2017 10:13:19 Asia/Seoul] PHP Warning:  The use statement with non-compound name 'DateTime' has no effect in /home/ubuntu/workspace/harmony_project/app/Http/Controllers/Chat/ChatBoxController.php on line 3
[12-Sep-2017 10:13:52 Asia/Seoul] PHP Warning:  The use statement with non-compound name 'DateTime' has no effect in /home/ubuntu/workspace/harmony_project/app/Http/Controllers/Chat/ChatController.php on line 2
[12-Sep-2017 11:45:49 Asia/Seoul] PHP Warning:  The use statement with non-compound name 'DateTime' has no effect in /home/ubuntu/workspace/harmony_project/app/Http/Controllers/Chat/ChatController.php on line 2
[12-Sep-2017 11:46:52 Asia/Seoul] PHP Warning:  The use statement with non-compound name 'DateTime' has no effect in /home/ubuntu/workspace/harmony_project/app/Http/Controllers/Chat/ChatController.php on line 2
[12-Sep-2017 11:47:33 Asia/Seoul] PHP Warning:  The use statement with non-compound name 'DateTime' has no effect in /home/ubuntu/workspace/harmony_project/app/Http/Controllers/Chat/ChatController.php on line 2
[12-Sep-2017 20:29:01 Asia/Seoul] PHP Warning:  The use statement with non-compound name 'DateTime' has no effect in /home/ubuntu/workspace/harmony_project/app/Http/Controllers/Chat/ChatBoxController.php on line 3
[12-Sep-2017 20:29:07 Asia/Seoul] PHP Warning:  The use statement with non-compound name 'DateTime' has no effect in /home/ubuntu/workspace/harmony_project/app/Http/Controllers/Chat/ChatController.php on line 2
