[23-Aug-2017 17:35:10 UTC] PHP Fatal error:  Uncaught Error: Call to undefined function curl_init() in /home/ubuntu/workspace/harmony_project/public/scripts/send.php:6
Stack trace:
#0 /home/ubuntu/workspace/harmony_project/public/scripts/send.php(42): getFromUrl('211.57.203.55/h...', 'GET')
#1 {main}
  thrown in /home/ubuntu/workspace/harmony_project/public/scripts/send.php on line 6
[23-Aug-2017 17:35:23 UTC] PHP Fatal error:  Uncaught Error: Call to undefined function curl_init() in /home/ubuntu/workspace/harmony_project/public/scripts/send.php:6
Stack trace:
#0 /home/ubuntu/workspace/harmony_project/public/scripts/send.php(42): getFromUrl('211.57.203.55/h...', 'GET')
#1 {main}
  thrown in /home/ubuntu/workspace/harmony_project/public/scripts/send.php on line 6
[23-Aug-2017 17:35:44 UTC] PHP Fatal error:  Uncaught Error: Call to undefined function curl_init() in /home/ubuntu/workspace/harmony_project/public/scripts/send.php:6
Stack trace:
#0 /home/ubuntu/workspace/harmony_project/public/scripts/send.php(42): getFromUrl('211.57.203.55/h...', 'GET')
#1 {main}
  thrown in /home/ubuntu/workspace/harmony_project/public/scripts/send.php on line 6
[23-Aug-2017 17:36:03 UTC] PHP Fatal error:  Uncaught Error: Call to undefined function curl_init() in /home/ubuntu/workspace/harmony_project/public/scripts/send.php:6
Stack trace:
#0 /home/ubuntu/workspace/harmony_project/public/scripts/send.php(42): getFromUrl('211.57.203.55/'...', 'GET')
#1 {main}
  thrown in /home/ubuntu/workspace/harmony_project/public/scripts/send.php on line 6
[23-Aug-2017 17:36:06 UTC] PHP Fatal error:  Uncaught Error: Call to undefined function curl_init() in /home/ubuntu/workspace/harmony_project/public/scripts/send.php:6
Stack trace:
#0 /home/ubuntu/workspace/harmony_project/public/scripts/send.php(42): getFromUrl('211.57.203.55/h...', 'GET')
#1 {main}
  thrown in /home/ubuntu/workspace/harmony_project/public/scripts/send.php on line 6
[23-Aug-2017 17:36:09 UTC] PHP Notice:  Undefined index: id in /home/ubuntu/workspace/harmony_project/public/scripts/send.php on line 39
[23-Aug-2017 17:36:09 UTC] PHP Fatal error:  Uncaught Error: Call to undefined function curl_init() in /home/ubuntu/workspace/harmony_project/public/scripts/send.php:6
Stack trace:
#0 /home/ubuntu/workspace/harmony_project/public/scripts/send.php(42): getFromUrl('211.57.203.55/....', 'GET')
#1 {main}
  thrown in /home/ubuntu/workspace/harmony_project/public/scripts/send.php on line 6
[23-Aug-2017 17:36:11 UTC] PHP Notice:  Undefined index: id in /home/ubuntu/workspace/harmony_project/public/scripts/send.php on line 39
[23-Aug-2017 17:36:11 UTC] PHP Fatal error:  Uncaught Error: Call to undefined function curl_init() in /home/ubuntu/workspace/harmony_project/public/scripts/send.php:6
Stack trace:
#0 /home/ubuntu/workspace/harmony_project/public/scripts/send.php(42): getFromUrl('211.57.203.55/....', 'GET')
#1 {main}
  thrown in /home/ubuntu/workspace/harmony_project/public/scripts/send.php on line 6
[23-Aug-2017 17:37:12 UTC] PHP Notice:  Undefined index: id in /home/ubuntu/workspace/harmony_project/public/scripts/send.php on line 39
[23-Aug-2017 17:37:12 UTC] PHP Fatal error:  Uncaught Error: Call to undefined function curl_init() in /home/ubuntu/workspace/harmony_project/public/scripts/send.php:6
Stack trace:
#0 /home/ubuntu/workspace/harmony_project/public/scripts/send.php(42): getFromUrl('211.57.203.55/....', 'GET')
#1 {main}
  thrown in /home/ubuntu/workspace/harmony_project/public/scripts/send.php on line 6
[23-Aug-2017 17:37:19 UTC] PHP Fatal error:  Uncaught Error: Call to undefined function curl_init() in /home/ubuntu/workspace/harmony_project/public/scripts/send.php:6
Stack trace:
#0 /home/ubuntu/workspace/harmony_project/public/scripts/send.php(42): getFromUrl('211.57.203.55/h...', 'GET')
#1 {main}
  thrown in /home/ubuntu/workspace/harmony_project/public/scripts/send.php on line 6
[23-Aug-2017 17:37:20 UTC] PHP Fatal error:  Uncaught Error: Call to undefined function curl_init() in /home/ubuntu/workspace/harmony_project/public/scripts/send.php:6
Stack trace:
#0 /home/ubuntu/workspace/harmony_project/public/scripts/send.php(42): getFromUrl('211.57.203.55/h...', 'GET')
#1 {main}
  thrown in /home/ubuntu/workspace/harmony_project/public/scripts/send.php on line 6
[23-Aug-2017 17:39:00 UTC] PHP Fatal error:  Uncaught Error: Call to undefined function curl_init() in /home/ubuntu/workspace/harmony_project/public/scripts/send.php:6
Stack trace:
#0 /home/ubuntu/workspace/harmony_project/public/scripts/send.php(42): getFromUrl('https://211.57....', 'GET')
#1 {main}
  thrown in /home/ubuntu/workspace/harmony_project/public/scripts/send.php on line 6
[23-Aug-2017 17:39:11 UTC] PHP Fatal error:  Uncaught Error: Call to undefined function curl_init() in /home/ubuntu/workspace/harmony_project/public/scripts/send.php:6
Stack trace:
#0 /home/ubuntu/workspace/harmony_project/public/scripts/send.php(42): getFromUrl('http://211.57.2...', 'GET')
#1 {main}
  thrown in /home/ubuntu/workspace/harmony_project/public/scripts/send.php on line 6
[23-Aug-2017 17:39:38 UTC] PHP Fatal error:  Uncaught Error: Call to undefined function curl_init() in /home/ubuntu/workspace/harmony_project/public/scripts/send.php:6
Stack trace:
#0 /home/ubuntu/workspace/harmony_project/public/scripts/send.php(42): getFromUrl('http://211.57.2...', 'GET')
#1 {main}
  thrown in /home/ubuntu/workspace/harmony_project/public/scripts/send.php on line 6
[23-Aug-2017 17:39:49 UTC] PHP Fatal error:  Uncaught Error: Call to undefined function curl_init() in /home/ubuntu/workspace/harmony_project/public/scripts/send.php:6
Stack trace:
#0 /home/ubuntu/workspace/harmony_project/public/scripts/send.php(42): getFromUrl('http://211.57.2...', 'GET')
#1 {main}
  thrown in /home/ubuntu/workspace/harmony_project/public/scripts/send.php on line 6
[23-Aug-2017 17:42:34 UTC] PHP Fatal error:  Uncaught Error: Call to undefined function curl_init() in /home/ubuntu/workspace/harmony_project/public/scripts/send.php:6
Stack trace:
#0 /home/ubuntu/workspace/harmony_project/public/scripts/send.php(42): getFromUrl('211.57.203.55/h...', 'GET')
#1 {main}
  thrown in /home/ubuntu/workspace/harmony_project/public/scripts/send.php on line 6
[23-Aug-2017 17:45:17 UTC] PHP Fatal error:  Uncaught Error: Call to undefined function curl_init() in /home/ubuntu/workspace/harmony_project/public/scripts/send.php:6
Stack trace:
#0 /home/ubuntu/workspace/harmony_project/public/scripts/send.php(42): getFromUrl('http://211.57.2...', 'GET')
#1 {main}
  thrown in /home/ubuntu/workspace/harmony_project/public/scripts/send.php on line 6
[23-Aug-2017 17:47:18 UTC] PHP Fatal error:  Uncaught Error: Call to undefined function curl_init() in /home/ubuntu/workspace/harmony_project/public/scripts/send.php:6
Stack trace:
#0 /home/ubuntu/workspace/harmony_project/public/scripts/send.php(42): getFromUrl('http://211.57.2...', 'GET')
#1 {main}
  thrown in /home/ubuntu/workspace/harmony_project/public/scripts/send.php on line 6
[23-Aug-2017 17:48:14 UTC] PHP Fatal error:  Uncaught Error: Call to undefined function curl_init() in /home/ubuntu/workspace/harmony_project/public/scripts/send.php:6
Stack trace:
#0 /home/ubuntu/workspace/harmony_project/public/scripts/send.php(42): getFromUrl('http://211.57.2...', 'GET')
#1 {main}
  thrown in /home/ubuntu/workspace/harmony_project/public/scripts/send.php on line 6
[23-Aug-2017 17:48:17 UTC] PHP Fatal error:  Uncaught Error: Call to undefined function curl_init() in /home/ubuntu/workspace/harmony_project/public/scripts/send.php:6
Stack trace:
#0 /home/ubuntu/workspace/harmony_project/public/scripts/send.php(42): getFromUrl('http://211.57.2...', 'GET')
#1 {main}
  thrown in /home/ubuntu/workspace/harmony_project/public/scripts/send.php on line 6
[23-Aug-2017 17:50:09 UTC] PHP Fatal error:  Uncaught Error: Call to undefined function curl_init() in /home/ubuntu/workspace/harmony_project/public/scripts/send.php:6
Stack trace:
#0 /home/ubuntu/workspace/harmony_project/public/scripts/send.php(42): getFromUrl('http://211.57.2...', 'GET')
#1 {main}
  thrown in /home/ubuntu/workspace/harmony_project/public/scripts/send.php on line 6
[23-Aug-2017 17:50:23 UTC] PHP Fatal error:  Uncaught Error: Call to undefined function curl_init() in /home/ubuntu/workspace/harmony_project/public/scripts/send.php:6
Stack trace:
#0 /home/ubuntu/workspace/harmony_project/public/scripts/send.php(41): getFromUrl('http://211.57.2...', 'GET')
#1 {main}
  thrown in /home/ubuntu/workspace/harmony_project/public/scripts/send.php on line 6
[23-Aug-2017 17:50:40 UTC] PHP Fatal error:  Uncaught Error: Call to undefined function curl_init() in /home/ubuntu/workspace/harmony_project/public/scripts/send.php:6
Stack trace:
#0 /home/ubuntu/workspace/harmony_project/public/scripts/send.php(41): getFromUrl('https://211.57....', 'GET')
#1 {main}
  thrown in /home/ubuntu/workspace/harmony_project/public/scripts/send.php on line 6
[23-Aug-2017 17:51:00 UTC] PHP Fatal error:  Uncaught Error: Call to undefined function curl_init() in /home/ubuntu/workspace/harmony_project/public/scripts/send.php:6
Stack trace:
#0 /home/ubuntu/workspace/harmony_project/public/scripts/send.php(41): getFromUrl('https://211.57....', 'GET')
#1 {main}
  thrown in /home/ubuntu/workspace/harmony_project/public/scripts/send.php on line 6
[23-Aug-2017 17:51:18 UTC] PHP Fatal error:  Uncaught Error: Call to undefined function curl_init() in /home/ubuntu/workspace/harmony_project/public/scripts/send.php:6
Stack trace:
#0 /home/ubuntu/workspace/harmony_project/public/scripts/send.php(41): getFromUrl('https://211.57....', 'GET')
#1 {main}
  thrown in /home/ubuntu/workspace/harmony_project/public/scripts/send.php on line 6
[23-Aug-2017 17:51:26 UTC] PHP Fatal error:  Uncaught Error: Call to undefined function curl_init() in /home/ubuntu/workspace/harmony_project/public/scripts/send.php:6
Stack trace:
#0 /home/ubuntu/workspace/harmony_project/public/scripts/send.php(41): getFromUrl('https://211.57....', 'GET')
#1 {main}
  thrown in /home/ubuntu/workspace/harmony_project/public/scripts/send.php on line 6
[23-Aug-2017 17:51:31 UTC] PHP Fatal error:  Uncaught Error: Call to undefined function curl_init() in /home/ubuntu/workspace/harmony_project/public/scripts/send.php:6
Stack trace:
#0 /home/ubuntu/workspace/harmony_project/public/scripts/send.php(41): getFromUrl('https://211.57....', 'GET')
#1 {main}
  thrown in /home/ubuntu/workspace/harmony_project/public/scripts/send.php on line 6
[23-Aug-2017 17:52:06 UTC] PHP Fatal error:  Uncaught Error: Call to undefined function curl_init() in /home/ubuntu/workspace/harmony_project/public/scripts/send.php:6
Stack trace:
#0 /home/ubuntu/workspace/harmony_project/public/scripts/send.php(41): getFromUrl('https://211.57....', 'GET')
#1 {main}
  thrown in /home/ubuntu/workspace/harmony_project/public/scripts/send.php on line 6
[23-Aug-2017 17:53:10 UTC] PHP Fatal error:  Uncaught Error: Call to undefined function curl_init() in /home/ubuntu/workspace/harmony_project/public/scripts/send.php:6
Stack trace:
#0 /home/ubuntu/workspace/harmony_project/public/scripts/send.php(41): getFromUrl('/xml/hk.xml', 'GET')
#1 {main}
  thrown in /home/ubuntu/workspace/harmony_project/public/scripts/send.php on line 6
